-------------------------------------------------------------------------------
Test set: TestSuite
-------------------------------------------------------------------------------
Tests run: 1, Failures: 1, Errors: 0, Skipped: 0, Time elapsed: 28.911 s <<< FAILURE! - in TestSuite
runner.MyRunner.runScenario  Time elapsed: 26.959 s  <<< FAILURE!
java.lang.NullPointerException

