<?xml version="1.0" encoding="UTF-8"?>
<testng-results skipped="0" failed="1" ignored="0" total="1" passed="0">
  <reporter-output>
  </reporter-output>
  <suite name="Test runner" duration-ms="27812" started-at="2022-03-08T07:18:05 IST" finished-at="2022-03-08T07:18:33 IST">
    <groups>
      <group name="cucumber">
        <method signature="AbstractTestNGCucumberTests.runScenario(io.cucumber.testng.PickleWrapper, io.cucumber.testng.FeatureWrapper)[pri:0, instance:runner.MyRunner@1e6d1014]" name="runScenario" class="io.cucumber.testng.AbstractTestNGCucumberTests"/>
      </group> <!-- cucumber -->
    </groups>
    <test name="Cucumber Runner" duration-ms="27812" started-at="2022-03-08T07:18:05 IST" finished-at="2022-03-08T07:18:33 IST">
      <class name="runner.MyRunner">
        <test-method status="PASS" signature="setUpClass()[pri:0, instance:runner.MyRunner@1e6d1014]" name="setUpClass" is-config="true" duration-ms="625" started-at="2022-03-08T07:18:05 IST" finished-at="2022-03-08T07:18:06 IST">
          <reporter-output>
          </reporter-output>
        </test-method> <!-- setUpClass -->
        <test-method status="FAIL" signature="runScenario(io.cucumber.testng.PickleWrapper, io.cucumber.testng.FeatureWrapper)[pri:0, instance:runner.MyRunner@1e6d1014]" name="runScenario" duration-ms="26909" started-at="2022-03-08T07:18:06 IST" description="Runs Cucumber Scenarios" data-provider="scenarios" finished-at="2022-03-08T07:18:33 IST">
          <params>
            <param index="0">
              <value>
                <![CDATA["Creation of Portfolio"]]>
              </value>
            </param>
            <param index="1">
              <value>
                <![CDATA["Optional[Create and Delete Portfolios]"]]>
              </value>
            </param>
          </params>
          <exception class="java.lang.NullPointerException">
            <full-stacktrace>
              <![CDATA[java.lang.NullPointerException
at managers.webdriver.ValidationManager.validateOptionPresentInDropDown(ValidationManager.java:33)
at pages.LandingPage.validatePortfolioCreation(LandingPage.java:24)
at steps.Portfolio.validatePortfolioCreation(Portfolio.java:25)
at ✽.Portfolio 'ABC1' should be created(file:///C:/Users/Abhishek%20Puri/workspace/Jan2022/CucmberProject/src/test/resources/app/portfoiomanagement.feature:12)
]]>
            </full-stacktrace>
          </exception> <!-- java.lang.NullPointerException -->
          <reporter-output>
          </reporter-output>
        </test-method> <!-- runScenario -->
        <test-method status="PASS" signature="tearDownClass()[pri:0, instance:runner.MyRunner@1e6d1014]" name="tearDownClass" is-config="true" duration-ms="187" started-at="2022-03-08T07:18:33 IST" finished-at="2022-03-08T07:18:33 IST">
          <reporter-output>
          </reporter-output>
        </test-method> <!-- tearDownClass -->
      </class> <!-- runner.MyRunner -->
    </test> <!-- Cucumber Runner -->
  </suite> <!-- Test runner -->
</testng-results>
