<?xml version="1.0" encoding="UTF-8"?>
<testng-results skipped="0" failed="0" ignored="0" total="1" passed="1">
  <reporter-output>
  </reporter-output>
  <suite name="Test runner" duration-ms="34109" started-at="2022-03-08T07:12:06 IST" finished-at="2022-03-08T07:12:40 IST">
    <groups>
      <group name="cucumber">
        <method signature="AbstractTestNGCucumberTests.runScenario(io.cucumber.testng.PickleWrapper, io.cucumber.testng.FeatureWrapper)[pri:0, instance:runner.MyRunner@1e6d1014]" name="runScenario" class="io.cucumber.testng.AbstractTestNGCucumberTests"/>
      </group> <!-- cucumber -->
    </groups>
    <test name="Cucumber Runner" duration-ms="34109" started-at="2022-03-08T07:12:06 IST" finished-at="2022-03-08T07:12:40 IST">
      <class name="runner.MyRunner">
        <test-method status="PASS" signature="setUpClass()[pri:0, instance:runner.MyRunner@1e6d1014]" name="setUpClass" is-config="true" duration-ms="476" started-at="2022-03-08T07:12:06 IST" finished-at="2022-03-08T07:12:07 IST">
          <reporter-output>
          </reporter-output>
        </test-method> <!-- setUpClass -->
        <test-method status="PASS" signature="runScenario(io.cucumber.testng.PickleWrapper, io.cucumber.testng.FeatureWrapper)[pri:0, instance:runner.MyRunner@1e6d1014]" name="runScenario" duration-ms="33491" started-at="2022-03-08T07:12:07 IST" description="Runs Cucumber Scenarios" data-provider="scenarios" finished-at="2022-03-08T07:12:40 IST">
          <params>
            <param index="0">
              <value>
                <![CDATA["Creation of Portfolio"]]>
              </value>
            </param>
            <param index="1">
              <value>
                <![CDATA["Optional[Create and Delete Portfolios]"]]>
              </value>
            </param>
          </params>
          <reporter-output>
          </reporter-output>
        </test-method> <!-- runScenario -->
        <test-method status="PASS" signature="tearDownClass()[pri:0, instance:runner.MyRunner@1e6d1014]" name="tearDownClass" is-config="true" duration-ms="104" started-at="2022-03-08T07:12:40 IST" finished-at="2022-03-08T07:12:40 IST">
          <reporter-output>
          </reporter-output>
        </test-method> <!-- tearDownClass -->
      </class> <!-- runner.MyRunner -->
    </test> <!-- Cucumber Runner -->
  </suite> <!-- Test runner -->
</testng-results>
