<?xml version="1.0" encoding="UTF-8"?>
<testng-results ignored="0" total="0" passed="0" failed="0" skipped="0">
  <reporter-output>
  </reporter-output>
  <suite started-at="2022-03-05T07:13:03 IST" name="Test runner" finished-at="2022-03-05T07:13:03 IST" duration-ms="8">
    <groups>
    </groups>
    <test started-at="2022-03-05T07:13:03 IST" name="Cucumber Runner" finished-at="2022-03-05T07:13:03 IST" duration-ms="8">
    </test> <!-- Cucumber Runner -->
  </suite> <!-- Test runner -->
</testng-results>
