<?xml version="1.0" encoding="UTF-8"?>
<!-- Generated by org.testng.reporters.JUnitReportReporter -->
<testsuite skipped="0" hostname="DESKTOP-BKVHFCN" name="runner.MyRunner" tests="1" failures="0" timestamp="2022-03-08T07:18:33 IST" time="26.909" errors="1">
  <testcase name="runScenario" time="26.909" classname="runner.MyRunner">
    <error type="java.lang.NullPointerException">
      <![CDATA[java.lang.NullPointerException
at managers.webdriver.ValidationManager.validateOptionPresentInDropDown(ValidationManager.java:33)
at pages.LandingPage.validatePortfolioCreation(LandingPage.java:24)
at steps.Portfolio.validatePortfolioCreation(Portfolio.java:25)
at ✽.Portfolio 'ABC1' should be created(file:///C:/Users/Abhishek%20Puri/workspace/Jan2022/CucmberProject/src/test/resources/app/portfoiomanagement.feature:12)
]]>
    </error>
  </testcase> <!-- runScenario -->
  <system-out/>
</testsuite> <!-- runner.MyRunner -->
