<?xml version="1.0" encoding="UTF-8"?>
<!-- Generated by org.testng.reporters.JUnitXMLReporter -->
<testsuite hostname="DESKTOP-BKVHFCN" ignored="0" name="Cucumber Runner" tests="1" failures="1" timestamp="2022-03-08T07:18:33 IST" time="27.812" errors="0">
  <testcase name="runScenario" time="26.909" classname="io.cucumber.testng.AbstractTestNGCucumberTests">
    <failure type="java.lang.NullPointerException">
      <![CDATA[java.lang.NullPointerException
at managers.webdriver.ValidationManager.validateOptionPresentInDropDown(ValidationManager.java:33)
at pages.LandingPage.validatePortfolioCreation(LandingPage.java:24)
at steps.Portfolio.validatePortfolioCreation(Portfolio.java:25)
at ✽.Portfolio 'ABC1' should be created(file:///C:/Users/Abhishek%20Puri/workspace/Jan2022/CucmberProject/src/test/resources/app/portfoiomanagement.feature:12)
]]>
    </failure>
  </testcase> <!-- runScenario -->
</testsuite> <!-- Cucumber Runner -->
